#
# There is insufficient memory for the Java Runtime Environment to continue.
# Native memory allocation (malloc) failed to allocate 1048576 bytes. Error detail: AllocateHeap
# Possible reasons:
#   The system is out of physical RAM or swap space
#   This process is running with CompressedOops enabled, and the Java Heap may be blocking the growth of the native heap
# Possible solutions:
#   Reduce memory load on the system
#   Increase physical memory or swap space
#   Check if swap backing store is full
#   Decrease Java heap size (-Xmx/-Xms)
#   Decrease number of Java threads
#   Decrease Java thread stack sizes (-Xss)
#   Set larger code cache with -XX:ReservedCodeCacheSize=
#   JVM is running with Unscaled Compressed Oops mode in which the Java heap is
#     placed in the first 4GB address space. The Java Heap base address is the
#     maximum limit for the native heap growth. Please use -XX:HeapBaseMinAddress
#     to set the Java Heap base and to place the Java Heap above 4GB virtual address.
# This output file may be truncated or incomplete.
#
#  Out of Memory Error (allocation.cpp:44), pid=1748, tid=4384
#
# JRE version:  (21.0.7+6) (build )
# Java VM: OpenJDK 64-Bit Server VM (21.0.7+6-LTS, mixed mode, sharing, tiered, compressed oops, compressed class ptrs, parallel gc, windows-amd64)
# No core dump will be written. Minidumps are not enabled by default on client versions of Windows
#

---------------  S U M M A R Y ------------

Command Line: --add-modules=ALL-SYSTEM --add-opens=java.base/java.util=ALL-UNNAMED --add-opens=java.base/java.lang=ALL-UNNAMED --add-opens=java.base/sun.nio.fs=ALL-UNNAMED -Declipse.application=org.eclipse.jdt.ls.core.id1 -Dosgi.bundles.defaultStartLevel=4 -Declipse.product=org.eclipse.jdt.ls.core.product -Djava.import.generatesMetadataFilesAtProjectRoot=false -DDetectVMInstallationsJob.disabled=true -Dfile.encoding=utf8 -XX:+UseParallelGC -XX:GCTimeRatio=4 -XX:AdaptiveSizePolicyWeight=90 -Dsun.zip.disableMemoryMapping=true -Xmx1G -Xms100m -Xlog:disable -javaagent:c:\Users\spectrumlaptops\.cursor\extensions\redhat.java-1.42.0-win32-x64\lombok\lombok-1.18.36.jar -XX:+HeapDumpOnOutOfMemoryError -XX:HeapDumpPath=c:\Users\spectrumlaptops\AppData\Roaming\Cursor\User\workspaceStorage\a2f99916f12fcf7dc13dd5c7626445f4\redhat.java -Daether.dependencyCollector.impl=bf c:\Users\spectrumlaptops\.cursor\extensions\redhat.java-1.42.0-win32-x64\server\plugins\org.eclipse.equinox.launcher_1.7.0.v20250424-1814.jar -configuration c:\Users\spectrumlaptops\AppData\Roaming\Cursor\User\globalStorage\redhat.java\1.42.0\config_win -data c:\Users\spectrumlaptops\AppData\Roaming\Cursor\User\workspaceStorage\a2f99916f12fcf7dc13dd5c7626445f4\redhat.java\jdt_ws --pipe=\\.\pipe\lsp-f369b02ab9c7312526a9489b9f0b0770-sock

Host: 11th Gen Intel(R) Core(TM) i7-1165G7 @ 2.80GHz, 8 cores, 23G,  Windows 11 , 64 bit Build 22621 (10.0.22621.5415)
Time: Mon Jun 23 03:59:23 2025 Pakistan Standard Time elapsed time: 0.204464 seconds (0d 0h 0m 0s)

---------------  T H R E A D  ---------------

Current thread (0x00000264abca4430):  JavaThread "Unknown thread" [_thread_in_vm, id=4384, stack(0x000000ab9b800000,0x000000ab9b900000) (1024K)]

Stack: [0x000000ab9b800000,0x000000ab9b900000]
Native frames: (J=compiled Java code, j=interpreted, Vv=VM code, C=native code)
V  [jvm.dll+0x6ce119]
V  [jvm.dll+0x8a84a1]
V  [jvm.dll+0x8aa9ce]
V  [jvm.dll+0x8ab0b3]
V  [jvm.dll+0x27f8a6]
V  [jvm.dll+0xbfba7]
V  [jvm.dll+0x702092]
V  [jvm.dll+0x702dcc]
V  [jvm.dll+0x6dcc63]
V  [jvm.dll+0x871dbc]
V  [jvm.dll+0x3bc47c]
V  [jvm.dll+0x85a848]
V  [jvm.dll+0x45080e]
V  [jvm.dll+0x452451]
C  [jli.dll+0x5278]
C  [ucrtbase.dll+0x29333]
C  [KERNEL32.DLL+0x1259d]
C  [ntdll.dll+0x5af78]


---------------  P R O C E S S  ---------------

Threads class SMR info:
_java_thread_list=0x00000264abcbe440, length=1, elements={
0x00000264abca4430
}

Java Threads: ( => current thread )
=>0x00000264abca4430 JavaThread "Unknown thread"             [_thread_in_vm, id=4384, stack(0x000000ab9b800000,0x000000ab9b900000) (1024K)]
Total: 1

Other Threads:
  0x00000264abd0bf00 WatcherThread "VM Periodic Task Thread"        [id=16620, stack(0x000000ab9ba00000,0x000000ab9bb00000) (1024K)]
  0x00000264abcbb940 WorkerThread "GC Thread#0"                     [id=13924, stack(0x000000ab9b900000,0x000000ab9ba00000) (1024K)]
Total: 2

Threads with active compile tasks:
Total: 0

VM state: not at safepoint (normal execution)

VM Mutex/Monitor currently owned by a thread: None

Heap address: 0x00000000c0000000, size: 1024 MB, Compressed Oops mode: 32-bit

CDS archive(s) mapped at: [0x00000264c2000000-0x00000264c2ba0000-0x00000264c2ba0000), size 12189696, SharedBaseAddress: 0x00000264c2000000, ArchiveRelocationMode: 1.
Compressed class space mapped at: 0x00000264c3000000-0x0000026503000000, reserved size: 1073741824
Narrow klass base: 0x00000264c2000000, Narrow klass shift: 0, Narrow klass range: 0x100000000

GC Precious Log:
 CardTable entry size: 512
 CPUs: 8 total, 8 available
 Memory: 24359M
 Large Page Support: Disabled
 NUMA Support: Disabled
 Compressed Oops: Enabled (32-bit)
 Alignments: Space 512K, Generation 512K, Heap 2M
 Heap Min Capacity: 100M
 Heap Initial Capacity: 100M
 Heap Max Capacity: 1G
 Pre-touch: Disabled
 Parallel Workers: 8

Heap:
 PSYoungGen      total 29696K, used 512K [0x00000000eab00000, 0x00000000ecc00000, 0x0000000100000000)
  eden space 25600K, 2% used [0x00000000eab00000,0x00000000eab80020,0x00000000ec400000)
  from space 4096K, 0% used [0x00000000ec800000,0x00000000ec800000,0x00000000ecc00000)
  to   space 4096K, 0% used [0x00000000ec400000,0x00000000ec400000,0x00000000ec800000)
 ParOldGen       total 68608K, used 0K [0x00000000c0000000, 0x00000000c4300000, 0x00000000eab00000)
  object space 68608K, 0% used [0x00000000c0000000,0x00000000c0000000,0x00000000c4300000)
 Metaspace       used 0K, committed 0K, reserved 1048576K
  class space    used 0K, committed 0K, reserved 1048576K

Card table byte_map: [0x00000264bf950000,0x00000264bfb60000] _byte_map_base: 0x00000264bf350000

Marking Bits: (ParMarkBitMap*) 0x00007ff93f1b31f0
 Begin Bits: [0x00000264bfcc0000, 0x00000264c0cc0000)
 End Bits:   [0x00000264c0cc0000, 0x00000264c1cc0000)

Polling page: 0x00000264b0740000

Metaspace:

Usage:
  Non-class:      0 bytes used.
      Class:      0 bytes used.
       Both:      0 bytes used.

Virtual space:
  Non-class space:        0 bytes reserved,       0 bytes (  ?%) committed,  0 nodes.
      Class space:        1.00 GB reserved,       0 bytes (  0%) committed,  1 nodes.
             Both:        1.00 GB reserved,       0 bytes (  0%) committed. 

Chunk freelists:
   Non-Class:  0 bytes
       Class:  16.00 MB
        Both:  16.00 MB

MaxMetaspaceSize: unlimited
CompressedClassSpaceSize: 1.00 GB
Initial GC threshold: 21.00 MB
Current GC threshold: 17179869184.00 GB
CDS: on
 - commit_granule_bytes: 65536.
 - commit_granule_words: 8192.
 - virtual_space_node_default_size: 8388608.
 - enlarge_chunks_in_place: 1.
 - use_allocation_guard: 0.


Internal statistics:

num_allocs_failed_limit: 0.
num_arena_births: 0.
num_arena_deaths: 0.
num_vsnodes_births: 1.
num_vsnodes_deaths: 0.
num_space_committed: 0.
num_space_uncommitted: 0.
num_chunks_returned_to_freelist: 0.
num_chunks_taken_from_freelist: 1.
num_chunk_merges: 0.
num_chunk_splits: 1.
num_chunks_enlarged: 0.
num_inconsistent_stats: 0.

CodeHeap 'non-profiled nmethods': size=120000Kb used=0Kb max_used=0Kb free=120000Kb
 bounds [0x00000264b8230000, 0x00000264b84a0000, 0x00000264bf760000]
CodeHeap 'profiled nmethods': size=120000Kb used=0Kb max_used=0Kb free=120000Kb
 bounds [0x00000264b0760000, 0x00000264b09d0000, 0x00000264b7c90000]
CodeHeap 'non-nmethods': size=5760Kb used=199Kb max_used=348Kb free=5560Kb
 bounds [0x00000264b7c90000, 0x00000264b7f00000, 0x00000264b8230000]
 total_blobs=70 nmethods=0 adapters=48
 compilation: enabled
              stopped_count=0, restarted_count=0
 full_count=0

Compilation events (0 events):
No events

GC Heap History (0 events):
No events

Dll operation events (1 events):
Event: 0.082 Loaded shared library c:\Users\spectrumlaptops\.cursor\extensions\redhat.java-1.42.0-win32-x64\jre\21.0.7-win32-x86_64\bin\java.dll

Deoptimization events (0 events):
No events

Classes loaded (0 events):
No events

Classes unloaded (0 events):
No events

Classes redefined (0 events):
No events

Internal exceptions (0 events):
No events

ZGC Phase Switch (0 events):
No events

VM Operations (0 events):
No events

Memory protections (0 events):
No events

Nmethod flushes (0 events):
No events

Events (1 events):
Event: 0.135 Thread 0x00000264abca4430 Thread added: 0x00000264abca4430


Dynamic libraries:
0x00007ff640a50000 - 0x00007ff640a5e000 	c:\Users\spectrumlaptops\.cursor\extensions\redhat.java-1.42.0-win32-x64\jre\21.0.7-win32-x86_64\bin\java.exe
0x00007ff9a5fd0000 - 0x00007ff9a61e7000 	C:\WINDOWS\SYSTEM32\ntdll.dll
0x00007ff9a4d60000 - 0x00007ff9a4e24000 	C:\WINDOWS\System32\KERNEL32.DLL
0x00007ff9a3290000 - 0x00007ff9a3662000 	C:\WINDOWS\System32\KERNELBASE.dll
0x00007ff99c750000 - 0x00007ff99c7e8000 	C:\WINDOWS\SYSTEM32\apphelp.dll
0x00007ff9a30c0000 - 0x00007ff9a31d1000 	C:\WINDOWS\System32\ucrtbase.dll
0x00007ff995c10000 - 0x00007ff995c28000 	c:\Users\spectrumlaptops\.cursor\extensions\redhat.java-1.42.0-win32-x64\jre\21.0.7-win32-x86_64\bin\jli.dll
0x00007ff9a5cb0000 - 0x00007ff9a5e61000 	C:\WINDOWS\System32\USER32.dll
0x00007ff9a3c30000 - 0x00007ff9a3c56000 	C:\WINDOWS\System32\win32u.dll
0x00007ff9a4f00000 - 0x00007ff9a4f29000 	C:\WINDOWS\System32\GDI32.dll
0x00007ff9a3a40000 - 0x00007ff9a3b63000 	C:\WINDOWS\System32\gdi32full.dll
0x00007ff9a3670000 - 0x00007ff9a370a000 	C:\WINDOWS\System32\msvcp_win.dll
0x00007ff995a30000 - 0x00007ff995a4e000 	c:\Users\spectrumlaptops\.cursor\extensions\redhat.java-1.42.0-win32-x64\jre\21.0.7-win32-x86_64\bin\VCRUNTIME140.dll
0x00007ff98a030000 - 0x00007ff98a2cb000 	C:\WINDOWS\WinSxS\amd64_microsoft.windows.common-controls_6595b64144ccf1df_6.0.22621.5415_none_270d77d17387d7da\COMCTL32.dll
0x00007ff9a5290000 - 0x00007ff9a5337000 	C:\WINDOWS\System32\msvcrt.dll
0x00007ff9a3c60000 - 0x00007ff9a3c91000 	C:\WINDOWS\System32\IMM32.DLL
0x00007ff99a9c0000 - 0x00007ff99a9cc000 	c:\Users\spectrumlaptops\.cursor\extensions\redhat.java-1.42.0-win32-x64\jre\21.0.7-win32-x86_64\bin\vcruntime140_1.dll
0x00007ff97bc10000 - 0x00007ff97bc9d000 	c:\Users\spectrumlaptops\.cursor\extensions\redhat.java-1.42.0-win32-x64\jre\21.0.7-win32-x86_64\bin\msvcp140.dll
0x00007ff93e500000 - 0x00007ff93f290000 	c:\Users\spectrumlaptops\.cursor\extensions\redhat.java-1.42.0-win32-x64\jre\21.0.7-win32-x86_64\bin\server\jvm.dll
0x00007ff9a5bf0000 - 0x00007ff9a5ca1000 	C:\WINDOWS\System32\ADVAPI32.dll
0x00007ff9a46a0000 - 0x00007ff9a4748000 	C:\WINDOWS\System32\sechost.dll
0x00007ff9a31e0000 - 0x00007ff9a3208000 	C:\WINDOWS\System32\bcrypt.dll
0x00007ff9a5e70000 - 0x00007ff9a5f84000 	C:\WINDOWS\System32\RPCRT4.dll
0x00007ff9a4e80000 - 0x00007ff9a4ef1000 	C:\WINDOWS\System32\WS2_32.dll
0x00007ff9a29c0000 - 0x00007ff9a2a0d000 	C:\WINDOWS\SYSTEM32\POWRPROF.dll
0x00007ff99d250000 - 0x00007ff99d284000 	C:\WINDOWS\SYSTEM32\WINMM.dll
0x00007ff998790000 - 0x00007ff99879a000 	C:\WINDOWS\SYSTEM32\VERSION.dll
0x00007ff9a29a0000 - 0x00007ff9a29b3000 	C:\WINDOWS\SYSTEM32\UMPDC.dll
0x00007ff9a20b0000 - 0x00007ff9a20c8000 	C:\WINDOWS\SYSTEM32\kernel.appcore.dll
0x00007ff9964f0000 - 0x00007ff9964fa000 	c:\Users\spectrumlaptops\.cursor\extensions\redhat.java-1.42.0-win32-x64\jre\21.0.7-win32-x86_64\bin\jimage.dll
0x00007ff9a0530000 - 0x00007ff9a0763000 	C:\WINDOWS\SYSTEM32\DBGHELP.DLL
0x00007ff9a4750000 - 0x00007ff9a4ae3000 	C:\WINDOWS\System32\combase.dll
0x00007ff9a40c0000 - 0x00007ff9a4197000 	C:\WINDOWS\System32\OLEAUT32.dll
0x00007ff999ec0000 - 0x00007ff999ef2000 	C:\WINDOWS\SYSTEM32\dbgcore.DLL
0x00007ff9a39c0000 - 0x00007ff9a3a3b000 	C:\WINDOWS\System32\bcryptPrimitives.dll
0x00007ff99d410000 - 0x00007ff99d41f000 	c:\Users\spectrumlaptops\.cursor\extensions\redhat.java-1.42.0-win32-x64\jre\21.0.7-win32-x86_64\bin\instrument.dll
0x00007ff991a90000 - 0x00007ff991aaf000 	c:\Users\spectrumlaptops\.cursor\extensions\redhat.java-1.42.0-win32-x64\jre\21.0.7-win32-x86_64\bin\java.dll

dbghelp: loaded successfully - version: 4.0.5 - missing functions: none
symbol engine: initialized successfully - sym options: 0x614 - pdb path: .;c:\Users\spectrumlaptops\.cursor\extensions\redhat.java-1.42.0-win32-x64\jre\21.0.7-win32-x86_64\bin;C:\WINDOWS\SYSTEM32;C:\WINDOWS\WinSxS\amd64_microsoft.windows.common-controls_6595b64144ccf1df_6.0.22621.5415_none_270d77d17387d7da;c:\Users\spectrumlaptops\.cursor\extensions\redhat.java-1.42.0-win32-x64\jre\21.0.7-win32-x86_64\bin\server

VM Arguments:
jvm_args: --add-modules=ALL-SYSTEM --add-opens=java.base/java.util=ALL-UNNAMED --add-opens=java.base/java.lang=ALL-UNNAMED --add-opens=java.base/sun.nio.fs=ALL-UNNAMED -Declipse.application=org.eclipse.jdt.ls.core.id1 -Dosgi.bundles.defaultStartLevel=4 -Declipse.product=org.eclipse.jdt.ls.core.product -Djava.import.generatesMetadataFilesAtProjectRoot=false -DDetectVMInstallationsJob.disabled=true -Dfile.encoding=utf8 -XX:+UseParallelGC -XX:GCTimeRatio=4 -XX:AdaptiveSizePolicyWeight=90 -Dsun.zip.disableMemoryMapping=true -Xmx1G -Xms100m -Xlog:disable -javaagent:c:\Users\spectrumlaptops\.cursor\extensions\redhat.java-1.42.0-win32-x64\lombok\lombok-1.18.36.jar -XX:+HeapDumpOnOutOfMemoryError -XX:HeapDumpPath=c:\Users\spectrumlaptops\AppData\Roaming\Cursor\User\workspaceStorage\a2f99916f12fcf7dc13dd5c7626445f4\redhat.java -Daether.dependencyCollector.impl=bf 
java_command: c:\Users\spectrumlaptops\.cursor\extensions\redhat.java-1.42.0-win32-x64\server\plugins\org.eclipse.equinox.launcher_1.7.0.v20250424-1814.jar -configuration c:\Users\spectrumlaptops\AppData\Roaming\Cursor\User\globalStorage\redhat.java\1.42.0\config_win -data c:\Users\spectrumlaptops\AppData\Roaming\Cursor\User\workspaceStorage\a2f99916f12fcf7dc13dd5c7626445f4\redhat.java\jdt_ws --pipe=\\.\pipe\lsp-f369b02ab9c7312526a9489b9f0b0770-sock
java_class_path (initial): c:\Users\spectrumlaptops\.cursor\extensions\redhat.java-1.42.0-win32-x64\server\plugins\org.eclipse.equinox.launcher_1.7.0.v20250424-1814.jar
Launcher Type: SUN_STANDARD

[Global flags]
    uintx AdaptiveSizePolicyWeight                 = 90                                        {product} {command line}
     intx CICompilerCount                          = 4                                         {product} {ergonomic}
    uintx GCTimeRatio                              = 4                                         {product} {command line}
     bool HeapDumpOnOutOfMemoryError               = true                                   {manageable} {command line}
    ccstr HeapDumpPath                             = c:\Users\spectrumlaptops\AppData\Roaming\Cursor\User\workspaceStorage\a2f99916f12fcf7dc13dd5c7626445f4\redhat.java         {manageable} {command line}
   size_t InitialHeapSize                          = 104857600                                 {product} {command line}
   size_t MaxHeapSize                              = 1073741824                                {product} {command line}
   size_t MaxNewSize                               = 357564416                                 {product} {ergonomic}
   size_t MinHeapDeltaBytes                        = 524288                                    {product} {ergonomic}
   size_t MinHeapSize                              = 104857600                                 {product} {command line}
   size_t NewSize                                  = 34603008                                  {product} {ergonomic}
    uintx NonNMethodCodeHeapSize                   = 5839372                                {pd product} {ergonomic}
    uintx NonProfiledCodeHeapSize                  = 122909434                              {pd product} {ergonomic}
   size_t OldSize                                  = 70254592                                  {product} {ergonomic}
    uintx ProfiledCodeHeapSize                     = 122909434                              {pd product} {ergonomic}
    uintx ReservedCodeCacheSize                    = 251658240                              {pd product} {ergonomic}
     bool SegmentedCodeCache                       = true                                      {product} {ergonomic}
   size_t SoftMaxHeapSize                          = 1073741824                             {manageable} {ergonomic}
     bool UseCompressedOops                        = true                           {product lp64_product} {ergonomic}
     bool UseLargePagesIndividualAllocation        = false                                  {pd product} {ergonomic}
     bool UseParallelGC                            = true                                      {product} {command line}

Logging:
Log output configuration:
 #0: stdout all=off uptime,level,tags foldmultilines=false
 #1: stderr all=off uptime,level,tags foldmultilines=false

Environment Variables:
JAVA_HOME=C:\Program Files\Java\jdk-17
PATH=C:\Program Files (x86)\VMware\VMware Workstation\bin\;C:\Program Files\Common Files\Oracle\Java\javapath;C:\Program Files (x86)\Common Files\Oracle\Java\javapath;C:\WINDOWS\system32;C:\WINDOWS;C:\WINDOWS\System32\Wbem;C:\WINDOWS\System32\WindowsPowerShell\v1.0\;C:\WINDOWS\System32\OpenSSH\;C:\Users\spectrumlaptops\anaconda3;C:\Users\spectrumlaptops\anaconda3\Library\mingw-w64\bin;C:\Users\spectrumlaptops\anaconda3\Library\usr\bin;C:\Users\spectrumlaptops\anaconda3\Library\bin;C:\Users\spectrumlaptops\anaconda3\Scripts;C:\Users\spectrumlaptops\AppData\Local\Programs\Python\Python312\Scripts\;C:\Users\spectrumlaptops\AppData\Local\Programs\Python\Python312\;C:\Users\spectrumlaptops\AppData\Local\Microsoft\WindowsApps;C:\Users\spectrumlaptops\AppData\Local\Programs\Microsoft VS Code\bin;C:\Users\spectrumlaptops\Downloads\openj;C:\Program Files\Java\jdk-17\bin;C:\Program Files\Git\cmd;C:\Program Files\nodejs\;C:\Program Files\Redis;C:\platform-tools;C:\Program Files (x86)\Windows Kits\10\Windows Performance Toolkit\;C:\Program Files\dotnet\;C:\Program Files (x86)\Microsoft SQL Server\160\Tools\Binn\;C:\Program Files\Microsoft SQL Server\160\Tools\Binn\;C:\Program Files\Microsoft SQL Server\Client SDK\ODBC\170\Tools\Binn\;C:\Program Files\Microsoft SQL Server\160\DTS\Binn\;C:\Program Files (x86)\Microsoft SQL Server\160\DTS\Binn\;C:\Users\spectrumlaptops\Downloads\Compressed\ngrok-v3-stable-windows-amd64;F:\-Getintopc.com-MathWorks_MATLAB_R2023a_v9.14.0.2206163\MathWorks_MATLAB_R2023a_v9.14.0.2206163\Crack\matlab\runtime\win64;F:\-Getintopc.com-MathWorks_MATLAB_R2023a_v9.14.0.2206163\MathWorks_MATLAB_R2023a_v9.14.0.2206163\Crack\matlab\bin;C:\gcc\bin;C:\ffmpeg\ffmpeg-master-latest-win64-gpl-shared\bin;C:\poppler-24.08.0\Library\bin;C:\Users\spectrumlaptops\AppData\Local\Android\Sdk\emulator;C:\Users\spectrumlaptops\AppData\Local\Android\Sdk\platform-tools;C:\Program Files\Common Files\Oracle\Java\javapath;C:\WINDOWS\system32;C:\WINDOWS;C:\WINDOWS\System32\Wbem;C:\WINDOWS\System32\WindowsPowerShell\v1.0\;C:\WINDOWS\System32\OpenSSH\;C:\Program Files\Common Files\Oracle\Java\javapath;C:\WINDOWS\system32;C:\WINDOWS;C:\WINDOWS\System32\Wbem;C:\WINDOWS\System32\WindowsPowerShell\v1.0\;C:\WINDOWS\System32\OpenSSH\;C:\Users\spectrumlaptops\anaconda3;C:\Users\spectrumlaptops\anaconda3\Library\mingw-w64\bin;C:\Users\spectrumlaptops\anaconda3\Library\usr\bin;C:\Users\spectrumlaptops\anaconda3\Library\bin;C:\Users\spectrumlaptops\anaconda3\Scripts;C:\Users\spectrumlaptops\AppData\Local\Programs\Python\Python312\Scripts\;C:\Users\spectrumlaptops\AppData\Local\Programs\Python\Python312\;C:\Users\spectrumlaptops\AppData\Local\Microsoft\WindowsApps;C:\Users\spectrumlaptops\AppData\Local\Programs\Microsoft VS Code\bin;C:\Users\spectrumlaptops\Downloads\openj;C:\Program Files\Java\jdk-17\bin;C:\flutter\bin;C:\Users\spectrumlaptops\AppData\Roaming\npm;C:\Users\spectrumlaptops\AppData\Local\GitHubDesktop\bin;C:\Users\spectrumlaptops\Downloads\php-8.2.25-nts-Win32-vs16-x64\lib;C:\Program Files\PostgreSQL\16\bin;C:\Program Files\Redis;C:\platform-tools;C:\Users\spectrumlaptops\.dotnet\tools;C:\Program Files\JetBrains\IntelliJ IDEA 2024.3.1\bin;;C:\Program Files\Java\javafx-sdk-21.0.5\bin;C:\Program Files\JetBrains\IntelliJ IDEA Community Edition 2024.3.2.2\bin;;C:\Users\spectrumlaptops\Downloads\Compressed\ngrok-v3-stable-windows-amd64;C:\gcc\bin;C:\ffmpeg\ffmpeg-master-latest-win64-gpl-shared\bin;C:\poppler-24.08.0\Library\bin;C:\Users\spectrumlaptops\AppData\Local\Android\Sdk\emulator;C:\Users\spectrumlaptops\AppData\Local\Android\Sdk\platform-tools;C:\Program Files\Redis;C:\Users\spectrumlaptops\AppData\Local\Programs\cursor\resources\app\bin;C:\Users\spectrumlaptops\AppData\Local\Pandoc\
USERNAME=spectrumlaptops
OS=Windows_NT
PROCESSOR_IDENTIFIER=Intel64 Family 6 Model 140 Stepping 1, GenuineIntel
TMP=C:\Users\SPECTR~1\AppData\Local\Temp
TEMP=C:\Users\SPECTR~1\AppData\Local\Temp




Periodic native trim disabled

---------------  S Y S T E M  ---------------

OS:
 Windows 11 , 64 bit Build 22621 (10.0.22621.5415)
OS uptime: 0 days 2:46 hours
Hyper-V role detected

CPU: total 8 (initial active 8) (4 cores per cpu, 2 threads per core) family 6 model 140 stepping 1 microcode 0x9a, cx8, cmov, fxsr, ht, mmx, 3dnowpref, sse, sse2, sse3, ssse3, sse4.1, sse4.2, popcnt, lzcnt, tsc, tscinvbit, avx, avx2, aes, erms, clmul, bmi1, bmi2, adx, avx512f, avx512dq, avx512cd, avx512bw, avx512vl, sha, fma, vzeroupper, avx512_vpopcntdq, avx512_vpclmulqdq, avx512_vaes, avx512_vnni, clflush, clflushopt, clwb, avx512_vbmi2, avx512_vbmi, hv, rdtscp, rdpid, fsrm, gfni, avx512_bitalg, f16c, cet_ibt, cet_ss, avx512_ifma
Processor Information for the first 8 processors :
  Max Mhz: 2803, Current Mhz: 2803, Mhz Limit: 2803

Memory: 4k page, system-wide physical 24359M (204M free)
TotalPageFile size 32015M (AvailPageFile size 18M)
current process WorkingSet (physical memory assigned to process): 25M, peak: 25M
current process commit charge ("private bytes"): 161M, peak: 162M

vm_info: OpenJDK 64-Bit Server VM (21.0.7+6-LTS) for windows-amd64 JRE (21.0.7+6-LTS), built on 2025-04-15T00:00:00Z by "admin" with MS VC++ 17.7 (VS2022)

END.
